<?xml version="1.0" encoding="UTF-8"?>
<testng-results ignored="0" total="1" passed="1" failed="0" skipped="0">
  <reporter-output>
  </reporter-output>
  <suite started-at="2021-05-07T09:17:01 IST" name="Helloworld_arpit.TestHelloworld" finished-at="2021-05-07T09:17:01 IST" duration-ms="109">
    <groups>
    </groups>
    <test started-at="2021-05-07T09:17:01 IST" name="Command line test" finished-at="2021-05-07T09:17:01 IST" duration-ms="109">
      <class name="Helloworld_arpit.TestHelloworld">
        <test-method signature="testHelloworld()[pri:0, instance:Helloworld_arpit.TestHelloworld@7722c3c3]" started-at="2021-05-07T09:17:01 IST" name="testHelloworld" finished-at="2021-05-07T09:17:01 IST" duration-ms="6" status="PASS">
          <reporter-output>
          </reporter-output>
        </test-method> <!-- testHelloworld -->
      </class> <!-- Helloworld_arpit.TestHelloworld -->
    </test> <!-- Command line test -->
  </suite> <!-- Helloworld_arpit.TestHelloworld -->
</testng-results>
